CRITICAL - 2023-09-05 15:55:28 --> The framework needs the following extension(s) installed and loaded: intl.
#0 C:\xampp\htdocs\cafein\system\CodeIgniter.php(219): CodeIgniter\Exceptions\FrameworkException::forMissingExtension('intl')
#1 C:\xampp\htdocs\cafein\system\CodeIgniter.php(177): CodeIgniter\CodeIgniter->resolvePlatformExtensions()
#2 C:\xampp\htdocs\cafein\system\bootstrap.php(146): CodeIgniter\CodeIgniter->initialize()
#3 C:\xampp\htdocs\cafein\index.php(28): require('C:\\xampp\\htdocs...')
#4 {main}
CRITICAL - 2023-09-05 15:56:18 --> The framework needs the following extension(s) installed and loaded: intl.
#0 C:\xampp\htdocs\cafein\system\CodeIgniter.php(219): CodeIgniter\Exceptions\FrameworkException::forMissingExtension('intl')
#1 C:\xampp\htdocs\cafein\system\CodeIgniter.php(177): CodeIgniter\CodeIgniter->resolvePlatformExtensions()
#2 C:\xampp\htdocs\cafein\system\bootstrap.php(146): CodeIgniter\CodeIgniter->initialize()
#3 C:\xampp\htdocs\cafein\index.php(28): require('C:\\xampp\\htdocs...')
#4 {main}
CRITICAL - 2023-09-05 15:56:21 --> The framework needs the following extension(s) installed and loaded: intl.
#0 C:\xampp\htdocs\cafein\system\CodeIgniter.php(219): CodeIgniter\Exceptions\FrameworkException::forMissingExtension('intl')
#1 C:\xampp\htdocs\cafein\system\CodeIgniter.php(177): CodeIgniter\CodeIgniter->resolvePlatformExtensions()
#2 C:\xampp\htdocs\cafein\system\bootstrap.php(146): CodeIgniter\CodeIgniter->initialize()
#3 C:\xampp\htdocs\cafein\index.php(28): require('C:\\xampp\\htdocs...')
#4 {main}
CRITICAL - 2023-09-05 15:56:25 --> The framework needs the following extension(s) installed and loaded: intl.
#0 C:\xampp\htdocs\cafein\system\CodeIgniter.php(219): CodeIgniter\Exceptions\FrameworkException::forMissingExtension('intl')
#1 C:\xampp\htdocs\cafein\system\CodeIgniter.php(177): CodeIgniter\CodeIgniter->resolvePlatformExtensions()
#2 C:\xampp\htdocs\cafein\system\bootstrap.php(146): CodeIgniter\CodeIgniter->initialize()
#3 C:\xampp\htdocs\cafein\index.php(28): require('C:\\xampp\\htdocs...')
#4 {main}
CRITICAL - 2023-09-05 15:56:30 --> The framework needs the following extension(s) installed and loaded: intl.
#0 C:\xampp\htdocs\cafein\system\CodeIgniter.php(219): CodeIgniter\Exceptions\FrameworkException::forMissingExtension('intl')
#1 C:\xampp\htdocs\cafein\system\CodeIgniter.php(177): CodeIgniter\CodeIgniter->resolvePlatformExtensions()
#2 C:\xampp\htdocs\cafein\system\bootstrap.php(146): CodeIgniter\CodeIgniter->initialize()
#3 C:\xampp\htdocs\cafein\index.php(28): require('C:\\xampp\\htdocs...')
#4 {main}
CRITICAL - 2023-09-05 16:13:13 --> The framework needs the following extension(s) installed and loaded: intl.
#0 C:\xampp\htdocs\cafein\system\CodeIgniter.php(219): CodeIgniter\Exceptions\FrameworkException::forMissingExtension('intl')
#1 C:\xampp\htdocs\cafein\system\CodeIgniter.php(177): CodeIgniter\CodeIgniter->resolvePlatformExtensions()
#2 C:\xampp\htdocs\cafein\system\bootstrap.php(146): CodeIgniter\CodeIgniter->initialize()
#3 C:\xampp\htdocs\cafein\index.php(28): require('C:\\xampp\\htdocs...')
#4 {main}
